<?xml version="1.0" encoding="UTF-8"?>
<!-- Generated by org.testng.reporters.JUnitXMLReporter -->
<testsuite hostname="VI-D031" name="Test" tests="1" failures="0" timestamp="15 Oct 2015 06:40:04 GMT" time="0.015" errors="0">
  <testcase name="@BeforeSuite setBrowser" time="0.0" classname="helper.SetUp">
    <failure type="java.lang.NoClassDefFoundError" message="common/ReadConfig">
      <![CDATA[java.lang.NoClassDefFoundError: common/ReadConfig
	at helper.SetUp.setBrowser(SetUp.java:33)
Caused by: java.lang.ClassNotFoundException: common.ReadConfig
	at java.net.URLClassLoader$1.run(Unknown Source)
	at java.net.URLClassLoader$1.run(Unknown Source)
	at java.security.AccessController.doPrivileged(Native Method)
	at java.net.URLClassLoader.findClass(Unknown Source)
	at java.lang.ClassLoader.loadClass(Unknown Source)
	at sun.misc.Launcher$AppClassLoader.loadClass(Unknown Source)
	at java.lang.ClassLoader.loadClass(Unknown Source)
	... 19 more
... Removed 18 stack frames]]>
    </failure>
  </testcase> <!-- @BeforeSuite setBrowser -->
  <testcase name="loginWithValidDetails" time="0.0" classname="test.testLogin">
    <skipped/>
  </testcase> <!-- loginWithValidDetails -->
</testsuite> <!-- Test -->
